[07-Jan-2024 13:47:18 UTC] PHP Parse error:  syntax error, unexpected token "}", expecting "," or ";" in C:\Users\teodo\Local Sites\fictional-university-theme\app\public\wp-content\themes\fictional-university-theme\index.php on line 4
[07-Jan-2024 13:47:27 UTC] PHP Parse error:  syntax error, unexpected token "}", expecting "," or ";" in C:\Users\teodo\Local Sites\fictional-university-theme\app\public\wp-content\themes\fictional-university-theme\index.php on line 4
[07-Jan-2024 13:47:36 UTC] PHP Parse error:  syntax error, unexpected token "}", expecting "," or ";" in C:\Users\teodo\Local Sites\fictional-university-theme\app\public\wp-content\themes\fictional-university-theme\index.php on line 4
[07-Jan-2024 13:48:08 UTC] PHP Parse error:  syntax error, unexpected token "}", expecting "," or ";" in C:\Users\teodo\Local Sites\fictional-university-theme\app\public\wp-content\themes\fictional-university-theme\index.php on line 4
[07-Jan-2024 14:24:01 UTC] PHP Warning:  Undefined variable $names in C:\Users\teodo\Local Sites\fictional-university-theme\app\public\wp-content\themes\fictional-university-theme\index.php on line 16
[07-Jan-2024 14:24:01 UTC] PHP Warning:  Trying to access array offset on value of type null in C:\Users\teodo\Local Sites\fictional-university-theme\app\public\wp-content\themes\fictional-university-theme\index.php on line 16
[07-Jan-2024 14:27:39 UTC] PHP Parse error:  syntax error, unexpected token "while" in C:\Users\teodo\Local Sites\fictional-university-theme\app\public\wp-content\themes\fictional-university-theme\index.php on line 19
[07-Jan-2024 14:28:01 UTC] PHP Parse error:  syntax error, unexpected token "while" in C:\Users\teodo\Local Sites\fictional-university-theme\app\public\wp-content\themes\fictional-university-theme\index.php on line 19
[25-Jan-2024 21:59:26 UTC] PHP Warning:  Undefined variable $myName in C:\Users\teodo\Documents\Github\Learning\WordPress\Course - Become a WordPress Developer Unlocking Power With Code\fictional-university-theme\app\public\arrays.php on line 4
[25-Jan-2024 21:59:26 UTC] PHP Warning:  Trying to access array offset on value of type null in C:\Users\teodo\Documents\Github\Learning\WordPress\Course - Become a WordPress Developer Unlocking Power With Code\fictional-university-theme\app\public\arrays.php on line 4
[25-Jan-2024 22:11:01 UTC] PHP Parse error:  syntax error, unexpected variable "$count" in C:\Users\teodo\Documents\Github\Learning\WordPress\Udemy Course 1\fictional-university-theme\app\public\arrays.php on line 3
[25-Jan-2024 22:11:28 UTC] PHP Parse error:  syntax error, unexpected token "}" in C:\Users\teodo\Documents\Github\Learning\WordPress\Udemy Course 1\fictional-university-theme\app\public\arrays.php on line 7
[25-Jan-2024 22:11:40 UTC] PHP Parse error:  syntax error, unexpected token "}" in C:\Users\teodo\Documents\Github\Learning\WordPress\Udemy Course 1\fictional-university-theme\app\public\arrays.php on line 7
[25-Jan-2024 22:12:09 UTC] PHP Parse error:  syntax error, unexpected token "}" in C:\Users\teodo\Documents\Github\Learning\WordPress\Udemy Course 1\fictional-university-theme\app\public\arrays.php on line 7
[27-Jan-2024 08:19:41 UTC] PHP Parse error:  syntax error, unexpected token ">" in C:\Users\teodo\Documents\Github\Learning\WordPress\Udemy Course 1\fictional-university-theme\app\public\wp-content\themes\fictional-university-theme\index.php on line 36
[27-Jan-2024 09:31:21 UTC] PHP Parse error:  syntax error, unexpected token "}" in C:\Users\teodo\Documents\Github\Learning\WordPress\Udemy Course 1\fictional-university-theme\app\public\wp-content\themes\fictional-university-theme\functions.php on line 5
[27-Jan-2024 09:31:21 UTC] PHP Parse error:  syntax error, unexpected token "}" in C:\Users\teodo\Documents\Github\Learning\WordPress\Udemy Course 1\fictional-university-theme\app\public\wp-content\themes\fictional-university-theme\functions.php on line 5
[27-Jan-2024 09:31:22 UTC] PHP Warning:  Trying to access array offset on value of type bool in C:\Users\teodo\Documents\Github\Learning\WordPress\Udemy Course 1\fictional-university-theme\app\public\wp-includes\class-wp-recovery-mode-email-service.php on line 367
[27-Jan-2024 09:31:22 UTC] PHP Warning:  Trying to access array offset on value of type bool in C:\Users\teodo\Documents\Github\Learning\WordPress\Udemy Course 1\fictional-university-theme\app\public\wp-includes\class-wp-recovery-mode-email-service.php on line 368
[27-Jan-2024 09:31:22 UTC] PHP Parse error:  syntax error, unexpected token "}" in C:\Users\teodo\Documents\Github\Learning\WordPress\Udemy Course 1\fictional-university-theme\app\public\wp-content\themes\fictional-university-theme\functions.php on line 5
[27-Jan-2024 14:09:44 UTC] PHP Parse error:  Unmatched ')' in C:\Users\teodo\Documents\Github\Learning\WordPress\Udemy Course 1\fictional-university-theme\app\public\wp-content\themes\fictional-university-theme\index.php on line 75
[27-Jan-2024 14:16:26 UTC] PHP Parse error:  syntax error, unexpected identifier "wp_enqueue_style" in C:\Users\teodo\Documents\Github\Learning\WordPress\Udemy Course 1\fictional-university-theme\app\public\wp-content\themes\fictional-university-theme\functions.php on line 5
[27-Jan-2024 14:16:27 UTC] PHP Parse error:  syntax error, unexpected identifier "wp_enqueue_style" in C:\Users\teodo\Documents\Github\Learning\WordPress\Udemy Course 1\fictional-university-theme\app\public\wp-content\themes\fictional-university-theme\functions.php on line 5
